<?xml version="1.0" encoding="UTF-8"?>
<testsuite name="HeroServiceTest" tests="1" skipped="0" failures="0" errors="0" timestamp="2020-05-05T01:12:53" hostname="Estys-MacBook-Air.local" time="1.908">
  <properties/>
  <testcase name="getData" classname="HeroServiceTest" time="1.908"/>
  <system-out><![CDATA[response: success
id = 1
]]></system-out>
  <system-err><![CDATA[]]></system-err>
</testsuite>
